[1739505352.840][INFO]: Starting ChromeDriver 133.0.6943.98 (da53563ceb66412e2637507c8724bd0cab05e453-refs/branch-heads/6943_85@{#7}) on port 51553
[1739505352.840][INFO]: Please see https://chromedriver.chromium.org/security-considerations for suggestions on keeping ChromeDriver safe.
[1739505352.844][INFO]: ChromeDriver was started successfully on port 51553
[1739505352.949][INFO]: [8b4c4ea1bad61e9e6f7148e654929cc8] COMMAND InitSession {
   "capabilities": {
      "firstMatch": [ {
         "browserName": "chrome",
         "goog:chromeOptions": {
            "args": [ "--disable-blink-features=AutomationControlled", "--user-agent=Mozilla/5.0 (Windows NT 10.0; Win64; x64) AppleWebKit/537.36 (KHTML, like Gecko) Chrome/98.0.4758.102 Safari/537.36" ],
            "binary": "C:\\Program Files\\Google\\Chrome\\Application\\chrome.exe"
         }
      } ]
   }
}
[1739505352.950][INFO]: Populating Preferences file: {
   "alternate_error_pages": {
      "enabled": false
   },
   "autofill": {
      "enabled": false
   },
   "browser": {
      "check_default_browser": false
   },
   "distribution": {
      "import_bookmarks": false,
      "import_history": false,
      "import_search_engine": false,
      "make_chrome_default_for_user": false,
      "skip_first_run_ui": true
   },
   "dns_prefetching": {
      "enabled": false
   },
   "profile": {
      "content_settings": {
         "pattern_pairs": {
            "https://*,*": {
               "media-stream": {
                  "audio": "Default",
                  "video": "Default"
               }
            }
         }
      },
      "default_content_setting_values": {
         "geolocation": 1
      },
      "default_content_settings": {
         "geolocation": 1,
         "mouselock": 1,
         "notifications": 1,
         "popups": 1,
         "ppapi-broker": 1
      },
      "password_manager_enabled": false
   },
   "safebrowsing": {
      "enabled": false
   },
   "search": {
      "suggest_enabled": false
   },
   "translate": {
      "enabled": false
   }
}
[1739505352.950][INFO]: Populating Local State file: {
   "background_mode": {
      "enabled": false
   },
   "ssl": {
      "rev_checking": {
         "enabled": false
      }
   }
}
[1739505352.951][INFO]: ChromeDriver supports communication with Chrome via pipes. This is more reliable and more secure.
[1739505352.951][INFO]: Use the --remote-debugging-pipe Chrome switch instead of the default --remote-debugging-port to enable this communication mode.
[1739505352.952][INFO]: Launching chrome: "C:\Program Files\Google\Chrome\Application\chrome.exe" --allow-pre-commit-input --disable-background-networking --disable-backgrounding-occluded-windows --disable-blink-features=AutomationControlled --disable-client-side-phishing-detection --disable-default-apps --disable-hang-monitor --disable-popup-blocking --disable-prompt-on-repost --disable-sync --enable-automation --enable-logging --log-level=0 --no-first-run --no-service-autorun --password-store=basic --remote-debugging-port=0 --test-type=webdriver --use-mock-keychain --user-agent="Mozilla/5.0 (Windows NT 10.0; Win64; x64) AppleWebKit/537.36 (KHTML, like Gecko) Chrome/98.0.4758.102 Safari/537.36" --user-data-dir="C:\Users\krivy\AppData\Local\Temp\scoped_dir2620_288000947" data:,
[1739505353.712][INFO]: resolved localhost to ["::1","127.0.0.1"]
[1739505353.716][INFO]: [8b4c4ea1bad61e9e6f7148e654929cc8] RESPONSE InitSession {
   "capabilities": {
      "acceptInsecureCerts": false,
      "browserName": "chrome",
      "browserVersion": "133.0.6943.98",
      "chrome": {
         "chromedriverVersion": "133.0.6943.98 (da53563ceb66412e2637507c8724bd0cab05e453-refs/branch-heads/6943_85@{#7})",
         "userDataDir": "C:\\Users\\krivy\\AppData\\Local\\Temp\\scoped_dir2620_288000947"
      },
      "fedcm:accounts": true,
      "goog:chromeOptions": {
         "debuggerAddress": "localhost:51556"
      },
      "networkConnectionEnabled": false,
      "pageLoadStrategy": "normal",
      "platformName": "windows",
      "proxy": {
      },
      "setWindowRect": true,
      "strictFileInteractability": false,
      "timeouts": {
         "implicit": 0,
         "pageLoad": 300000,
         "script": 30000
      },
      "unhandledPromptBehavior": "dismiss and notify",
      "webauthn:extension:credBlob": true,
      "webauthn:extension:largeBlob": true,
      "webauthn:extension:minPinLength": true,
      "webauthn:extension:prf": true,
      "webauthn:virtualAuthenticators": true
   },
   "sessionId": "8b4c4ea1bad61e9e6f7148e654929cc8"
}
[1739505353.731][INFO]: [8b4c4ea1bad61e9e6f7148e654929cc8] COMMAND Navigate {
   "url": "https://www.linkedin.com/login"
}
[1739505353.731][INFO]: Waiting for pending navigations...
[1739505353.733][INFO]: Done waiting for pending navigations. Status: ok
[1739505354.105][INFO]: Waiting for pending navigations...
[1739505355.238][INFO]: Done waiting for pending navigations. Status: ok
[1739505355.238][INFO]: [8b4c4ea1bad61e9e6f7148e654929cc8] RESPONSE Navigate
[1739505365.968][INFO]: [8b4c4ea1bad61e9e6f7148e654929cc8] COMMAND PerformActions {
   "actions": [ {
      "actions": [ {
         "duration": 250,
         "origin": "pointer",
         "type": "pointerMove",
         "x": 100,
         "y": 100
      }, {
         "duration": 1000,
         "type": "pause"
      }, {
         "duration": 250,
         "origin": "pointer",
         "type": "pointerMove",
         "x": 50,
         "y": 50
      }, {
         "duration": 1000,
         "type": "pause"
      }, {
         "duration": 250,
         "origin": "pointer",
         "type": "pointerMove",
         "x": -30,
         "y": 20
      }, {
         "duration": 1000,
         "type": "pause"
      } ],
      "id": "default mouse",
      "parameters": {
         "pointerType": "mouse"
      },
      "type": "pointer"
   } ]
}
[1739505365.971][INFO]: Waiting for pending navigations...
[1739505365.972][INFO]: Done waiting for pending navigations. Status: ok
[1739505369.796][INFO]: Waiting for pending navigations...
[1739505369.798][INFO]: Done waiting for pending navigations. Status: ok
[1739505369.798][INFO]: [8b4c4ea1bad61e9e6f7148e654929cc8] RESPONSE PerformActions
[1739505369.834][INFO]: [8b4c4ea1bad61e9e6f7148e654929cc8] COMMAND FindElement {
   "using": "css selector",
   "value": "#username"
}
[1739505369.834][INFO]: Waiting for pending navigations...
[1739505369.835][INFO]: Done waiting for pending navigations. Status: ok
[1739505369.847][INFO]: Waiting for pending navigations...
[1739505369.847][INFO]: Done waiting for pending navigations. Status: ok
[1739505369.847][INFO]: [8b4c4ea1bad61e9e6f7148e654929cc8] RESPONSE FindElement {
   "element-6066-11e4-a52e-4f735466cecf": "f.B3222F8ED6E28F7B7B67505DF004C5F4.d.DE205A49C0B2CFBF8CC25CD4DE6A4FB0.e.1"
}
[1739505369.854][INFO]: [8b4c4ea1bad61e9e6f7148e654929cc8] COMMAND TypeElement {
   "id": "f.B3222F8ED6E28F7B7B67505DF004C5F4.d.DE205A49C0B2CFBF8CC25CD4DE6A4FB0.e.1",
   "text": "",
   "value": [ ]
}
[1739505369.854][INFO]: Waiting for pending navigations...
[1739505369.855][INFO]: Done waiting for pending navigations. Status: ok
[1739505369.923][INFO]: Waiting for pending navigations...
[1739505369.927][INFO]: Done waiting for pending navigations. Status: ok
[1739505369.927][INFO]: [8b4c4ea1bad61e9e6f7148e654929cc8] RESPONSE TypeElement
[1739505369.928][INFO]: [8b4c4ea1bad61e9e6f7148e654929cc8] COMMAND FindElement {
   "using": "css selector",
   "value": "#password"
}
[1739505369.928][INFO]: Waiting for pending navigations...
[1739505369.931][INFO]: Done waiting for pending navigations. Status: ok
[1739505369.939][INFO]: Waiting for pending navigations...
[1739505369.939][INFO]: Done waiting for pending navigations. Status: ok
[1739505369.939][INFO]: [8b4c4ea1bad61e9e6f7148e654929cc8] RESPONSE FindElement {
   "element-6066-11e4-a52e-4f735466cecf": "f.B3222F8ED6E28F7B7B67505DF004C5F4.d.DE205A49C0B2CFBF8CC25CD4DE6A4FB0.e.3"
}
[1739505369.944][INFO]: [8b4c4ea1bad61e9e6f7148e654929cc8] COMMAND TypeElement {
   "id": "f.B3222F8ED6E28F7B7B67505DF004C5F4.d.DE205A49C0B2CFBF8CC25CD4DE6A4FB0.e.3",
   "text": "",
   "value": [ ]
}
[1739505369.944][INFO]: Waiting for pending navigations...
[1739505369.949][INFO]: Done waiting for pending navigations. Status: ok
[1739505369.977][INFO]: Waiting for pending navigations...
[1739505369.977][INFO]: Done waiting for pending navigations. Status: ok
[1739505369.977][INFO]: [8b4c4ea1bad61e9e6f7148e654929cc8] RESPONSE TypeElement
[1739505369.979][INFO]: [8b4c4ea1bad61e9e6f7148e654929cc8] COMMAND FindElements {
   "using": "xpath",
   "value": "//iframe[contains(@src, 'recaptcha')]"
}
[1739505369.979][INFO]: Waiting for pending navigations...
[1739505369.980][INFO]: Done waiting for pending navigations. Status: ok
[1739505369.987][INFO]: Waiting for pending navigations...
[1739505369.988][INFO]: Done waiting for pending navigations. Status: ok
[1739505369.988][INFO]: [8b4c4ea1bad61e9e6f7148e654929cc8] RESPONSE FindElements [  ]
[1739505369.990][INFO]: [8b4c4ea1bad61e9e6f7148e654929cc8] COMMAND FindElements {
   "using": "css selector",
   "value": ".g\\-recaptcha"
}
[1739505369.990][INFO]: Waiting for pending navigations...
[1739505369.991][INFO]: Done waiting for pending navigations. Status: ok
[1739505369.996][INFO]: Waiting for pending navigations...
[1739505369.997][INFO]: Done waiting for pending navigations. Status: ok
[1739505369.997][INFO]: [8b4c4ea1bad61e9e6f7148e654929cc8] RESPONSE FindElements [  ]
[1739505369.998][INFO]: [8b4c4ea1bad61e9e6f7148e654929cc8] COMMAND FindElement {
   "using": "xpath",
   "value": "//div[contains(@class, 'login__form_action_container')]//button[@type='submit']"
}
[1739505369.998][INFO]: Waiting for pending navigations...
[1739505369.998][INFO]: Done waiting for pending navigations. Status: ok
[1739505370.004][INFO]: Waiting for pending navigations...
[1739505370.004][INFO]: Done waiting for pending navigations. Status: ok
[1739505370.004][INFO]: [8b4c4ea1bad61e9e6f7148e654929cc8] RESPONSE FindElement {
   "element-6066-11e4-a52e-4f735466cecf": "f.B3222F8ED6E28F7B7B67505DF004C5F4.d.DE205A49C0B2CFBF8CC25CD4DE6A4FB0.e.38"
}
[1739505370.005][INFO]: [8b4c4ea1bad61e9e6f7148e654929cc8] COMMAND ClickElement {
   "id": "f.B3222F8ED6E28F7B7B67505DF004C5F4.d.DE205A49C0B2CFBF8CC25CD4DE6A4FB0.e.38"
}
[1739505370.005][INFO]: Waiting for pending navigations...
[1739505370.005][INFO]: Done waiting for pending navigations. Status: ok
[1739505370.044][INFO]: Waiting for pending navigations...
[1739505373.833][INFO]: Done waiting for pending navigations. Status: ok
[1739505373.833][INFO]: [8b4c4ea1bad61e9e6f7148e654929cc8] RESPONSE ClickElement
[1739505378.844][INFO]: [8b4c4ea1bad61e9e6f7148e654929cc8] COMMAND FindElement {
   "using": "xpath",
   "value": "//a[contains(@class, 'profile-card-profile-picture-container')]/img"
}
[1739505378.920][INFO]: Waiting for pending navigations...
[1739505378.923][INFO]: Done waiting for pending navigations. Status: ok
[1739505378.929][INFO]: Waiting for pending navigations...
[1739505378.930][INFO]: Done waiting for pending navigations. Status: ok
[1739505378.930][INFO]: [8b4c4ea1bad61e9e6f7148e654929cc8] RESPONSE FindElement {
   "element-6066-11e4-a52e-4f735466cecf": "f.B3222F8ED6E28F7B7B67505DF004C5F4.d.ECA9DF1AB9172C561F1CEDD3C823798D.e.115"
}
[1739505378.932][INFO]: [8b4c4ea1bad61e9e6f7148e654929cc8] COMMAND ExecuteScript {
   "args": [ {
      "element-6066-11e4-a52e-4f735466cecf": "f.B3222F8ED6E28F7B7B67505DF004C5F4.d.ECA9DF1AB9172C561F1CEDD3C823798D.e.115"
   }, "src" ],
   "script": "/* get-attribute */return (function(){return (function(){var d=this||self;function f(a,b){function c(){}c.prototype=b.prototype;a.prototype=new c;a.prototype.constructor=a};var h=Array.prototype.indexOf?function(a,b){return Array.prototype.indexOf.call(a,b,void 0)}:function(a,b){if(\"string\"===typeof a)return\"string\"!==typeof b||1!=b.length?-1:a.indexOf(b,0);for(var c=0;c\u003Ca.length;c++)if(c in a&&a[c]===b)return c;return-1},k=Array.prototype.forEach?function(a,b){Array.prototype.forEach.call(a,b,void 0)}:function(a,b){for(var c=a.length,e=\"string\"===typeof a?a.split(\"\"):a,g=0;g\u003Cc;g++)g in e&&b.call(void 0,e[g],g,a)};function l(a,b){this.code=a;this.a=m[a]||n;this.message=b||\"\";a=this.a.replace(/((?:^|\\s+)[a-z])/g,function(c){return c.toUpperCase().replace(/^[\\s\\xa0]+/g,\"\")});b=a.length-5;if(0>b||a.indexOf(\"Error\",b)!=b)a+=\"Error\";this.name=a;a=Error(this.message);a.name=this.name;this.stack=a.stack||\"\"}f(l,Error);var n=\"unknown error\",m={15:\"element not selectable\",11:\"element not visible\"};m[31]=n;m[30]=n;m[24]=\"invalid cookie domain\";m[29]=\"invalid element coordinates\";m[12]=\"invalid element state\";m[32]=\"invalid selector\";\nm[51]=\"invalid selector\";m[52]=\"invalid selector\";m[17]=\"javascript error\";m[405]=\"unsupported operation\";m[34]=\"move target out of bounds\";m[27]=\"no such alert\";m[7]=\"no such element\";m[8]=\"no such frame\";m[23]=\"no such window\";m[28]=\"script timeout\";m[33]=\"session not created\";m[10]=\"stale element reference\";m[21]=\"timeout\";m[25]=\"unable to set cookie\";m[26]=\"unexpected alert open\";m[13]=n;m[9]=\"unknown command\";var p;a:{var q=d.navigator;if(q){var r=q.userAgent;if(r){p=r;break a}}p=\"\"}function t(a){return-1!=p.indexOf(a)};function u(){return t(\"Firefox\")||t(\"FxiOS\")}function v(){return(t(\"Chrome\")||t(\"CriOS\"))&&!t(\"Edge\")};function w(){return t(\"iPhone\")&&!t(\"iPod\")&&!t(\"iPad\")};var y=t(\"Opera\"),z=t(\"Trident\")||t(\"MSIE\"),A=t(\"Edge\"),B=t(\"Gecko\")&&!(-1!=p.toLowerCase().indexOf(\"webkit\")&&!t(\"Edge\"))&&!(t(\"Trident\")||t(\"MSIE\"))&&!t(\"Edge\"),C=-1!=p.toLowerCase().indexOf(\"webkit\")&&!t(\"Edge\");function D(){var a=d.document;return a?a.documentMode:void 0}var E;\na:{var F=\"\",G=function(){var a=p;if(B)return/rv:([^\\);]+)(\\)|;)/.exec(a);if(A)return/Edge\\/([\\d\\.]+)/.exec(a);if(z)return/\\b(?:MSIE|rv)[: ]([^\\);]+)(\\)|;)/.exec(a);if(C)return/WebKit\\/(\\S+)/.exec(a);if(y)return/(?:Version)[ \\/]?(\\S+)/.exec(a)}();G&&(F=G?G[1]:\"\");if(z){var H=D();if(null!=H&&H>parseFloat(F)){E=String(H);break a}}E=F}var I;I=d.document&&z?D():void 0;var J=u(),K=w()||t(\"iPod\"),L=t(\"iPad\"),M=t(\"Android\")&&!(v()||u()||t(\"Opera\")||t(\"Silk\")),N=v(),aa=t(\"Safari\")&&!(v()||t(\"Coast\")||t(\"Opera\")||t(\"Edge\")||t(\"Edg/\")||t(\"OPR\")||u()||t(\"Silk\")||t(\"Android\"))&&!(w()||t(\"iPad\")||t(\"iPod\"));function O(a){return(a=a.exec(p))?a[1]:\"\"}(function(){if(J)return O(/Firefox\\/([0-9.]+)/);if(z||A||y)return E;if(N)return w()||t(\"iPad\")||t(\"iPod\")?O(/CriOS\\/([0-9.]+)/):O(/Chrome\\/([0-9.]+)/);if(aa&&!(w()||t(\"iPad\")||t(\"iPod\")))return O(/Version\\/([0-9.]+)/);if(K||L){var a=/Version\\/(\\S+).*Mobile\\/(\\S+)/.exec(p);if(a)return a[1]+\".\"+a[2]}else if(M)return(a=O(/Android\\s+([0-9.]+)/))?a:O(/Version\\/([0-9.]+)/);return\"\"})();var P=z&&!(8\u003C=Number(I)),ba=z&&!(9\u003C=Number(I));var ca={SCRIPT:1,STYLE:1,HEAD:1,IFRAME:1,OBJECT:1},Q={IMG:\" \",BR:\"\\n\"};function R(a,b,c){if(!(a.nodeName in ca))if(3==a.nodeType)c?b.push(String(a.nodeValue).replace(/(\\r\\n|\\r|\\n)/g,\"\")):b.push(a.nodeValue);else if(a.nodeName in Q)b.push(Q[a.nodeName]);else for(a=a.firstChild;a;)R(a,b,c),a=a.nextSibling};function S(a,b){b=b.toLowerCase();return\"style\"==b?da(a.style.cssText):P&&\"value\"==b&&T(a,\"INPUT\")?a.value:ba&&!0===a[b]?String(a.getAttribute(b)):(a=a.getAttributeNode(b))&&a.specified?a.value:null}var ea=/[;]+(?=(?:(?:[^\"]*\"){2})*[^\"]*$)(?=(?:(?:[^']*'){2})*[^']*$)(?=(?:[^()]*\\([^()]*\\))*[^()]*$)/;\nfunction da(a){var b=[];k(a.split(ea),function(c){var e=c.indexOf(\":\");0\u003Ce&&(c=[c.slice(0,e),c.slice(e+1)],2==c.length&&b.push(c[0].toLowerCase(),\":\",c[1],\";\"))});b=b.join(\"\");return b=\";\"==b.charAt(b.length-1)?b:b+\";\"}function U(a,b){P&&\"value\"==b&&T(a,\"OPTION\")&&null===S(a,\"value\")?(b=[],R(a,b,!1),a=b.join(\"\")):a=a[b];return a}\nfunction T(a,b){b&&\"string\"!==typeof b&&(b=b.toString());return a instanceof HTMLFormElement?!!a&&1==a.nodeType&&(!b||\"FORM\"==b):!!a&&1==a.nodeType&&(!b||a.tagName.toUpperCase()==b)}function V(a){return T(a,\"OPTION\")?!0:T(a,\"INPUT\")?(a=a.type.toLowerCase(),\"checkbox\"==a||\"radio\"==a):!1};var fa={\"class\":\"className\",readonly:\"readOnly\"},ha=\"allowfullscreen allowpaymentrequest allowusermedia async autofocus autoplay checked compact complete controls declare default defaultchecked defaultselected defer disabled ended formnovalidate hidden indeterminate iscontenteditable ismap itemscope loop multiple muted nohref nomodule noresize noshade novalidate nowrap open paused playsinline pubdate readonly required reversed scoped seamless seeking selected truespeed typemustmatch willvalidate\".split(\" \");function W(a,b){var c=null,e=b.toLowerCase();if(\"style\"==e)return(c=a.style)&&\"string\"!=typeof c&&(c=c.cssText),c;if((\"selected\"==e||\"checked\"==e)&&V(a)){if(!V(a))throw new l(15,\"Element is not selectable\");b=\"selected\";c=a.type&&a.type.toLowerCase();if(\"checkbox\"==c||\"radio\"==c)b=\"checked\";return U(a,b)?\"true\":null}var g=T(a,\"A\");if(T(a,\"IMG\")&&\"src\"==e||g&&\"href\"==e)return(c=S(a,e))&&(c=U(a,e)),c;if(\"spellcheck\"==e){c=S(a,e);if(null!==c){if(\"false\"==c.toLowerCase())return\"false\";if(\"true\"==c.toLowerCase())return\"true\"}return U(a,\ne)+\"\"}g=fa[b]||b;if(0\u003C=h(ha,e))return(c=null!==S(a,b)||U(a,g))?\"true\":null;try{var x=U(a,g)}catch(ia){}(e=null==x)||(e=typeof x,e=\"object\"==e&&null!=x||\"function\"==e);e?c=S(a,b):c=x;return null!=c?c.toString():null}var X=[\"_\"],Y=d;X[0]in Y||\"undefined\"==typeof Y.execScript||Y.execScript(\"var \"+X[0]);for(var Z;X.length&&(Z=X.shift());)X.length||void 0===W?Y[Z]&&Y[Z]!==Object.prototype[Z]?Y=Y[Z]:Y=Y[Z]={}:Y[Z]=W;; return this._.apply(null,arguments);}).apply({navigator:typeof window!='undefined'?window.navigator:null,document:typeof window!='undefined'?window.document:null}, arguments);}\n).apply(null, arguments);"
}
[1739505378.932][INFO]: Waiting for pending navigations...
[1739505378.933][INFO]: Done waiting for pending navigations. Status: ok
[1739505378.936][INFO]: Waiting for pending navigations...
[1739505378.936][INFO]: Done waiting for pending navigations. Status: ok
[1739505378.936][INFO]: [8b4c4ea1bad61e9e6f7148e654929cc8] RESPONSE ExecuteScript "https://media.licdn.com/dms/image/v2/D4D35AQHQwVLUgpGxxA/profile-framedphoto-shrink_100_100/profile-framedphoto-shrink_100_100/0/1720141220653?e=1740110400&v=beta&t=qbeYg9k3FJWPPondeXpxS6miXMzDZhtu..."
[1739505378.936][INFO]: [8b4c4ea1bad61e9e6f7148e654929cc8] COMMAND FindElement {
   "using": "xpath",
   "value": "//a[contains(@class, 'profile-card-profile-picture-container')]/img"
}
[1739505378.937][INFO]: Waiting for pending navigations...
[1739505378.937][INFO]: Done waiting for pending navigations. Status: ok
[1739505378.940][INFO]: Waiting for pending navigations...
[1739505378.940][INFO]: Done waiting for pending navigations. Status: ok
[1739505378.940][INFO]: [8b4c4ea1bad61e9e6f7148e654929cc8] RESPONSE FindElement {
   "element-6066-11e4-a52e-4f735466cecf": "f.B3222F8ED6E28F7B7B67505DF004C5F4.d.ECA9DF1AB9172C561F1CEDD3C823798D.e.115"
}
[1739505378.942][INFO]: [8b4c4ea1bad61e9e6f7148e654929cc8] COMMAND ExecuteScript {
   "args": [ {
      "element-6066-11e4-a52e-4f735466cecf": "f.B3222F8ED6E28F7B7B67505DF004C5F4.d.ECA9DF1AB9172C561F1CEDD3C823798D.e.115"
   }, "alt" ],
   "script": "/* get-attribute */return (function(){return (function(){var d=this||self;function f(a,b){function c(){}c.prototype=b.prototype;a.prototype=new c;a.prototype.constructor=a};var h=Array.prototype.indexOf?function(a,b){return Array.prototype.indexOf.call(a,b,void 0)}:function(a,b){if(\"string\"===typeof a)return\"string\"!==typeof b||1!=b.length?-1:a.indexOf(b,0);for(var c=0;c\u003Ca.length;c++)if(c in a&&a[c]===b)return c;return-1},k=Array.prototype.forEach?function(a,b){Array.prototype.forEach.call(a,b,void 0)}:function(a,b){for(var c=a.length,e=\"string\"===typeof a?a.split(\"\"):a,g=0;g\u003Cc;g++)g in e&&b.call(void 0,e[g],g,a)};function l(a,b){this.code=a;this.a=m[a]||n;this.message=b||\"\";a=this.a.replace(/((?:^|\\s+)[a-z])/g,function(c){return c.toUpperCase().replace(/^[\\s\\xa0]+/g,\"\")});b=a.length-5;if(0>b||a.indexOf(\"Error\",b)!=b)a+=\"Error\";this.name=a;a=Error(this.message);a.name=this.name;this.stack=a.stack||\"\"}f(l,Error);var n=\"unknown error\",m={15:\"element not selectable\",11:\"element not visible\"};m[31]=n;m[30]=n;m[24]=\"invalid cookie domain\";m[29]=\"invalid element coordinates\";m[12]=\"invalid element state\";m[32]=\"invalid selector\";\nm[51]=\"invalid selector\";m[52]=\"invalid selector\";m[17]=\"javascript error\";m[405]=\"unsupported operation\";m[34]=\"move target out of bounds\";m[27]=\"no such alert\";m[7]=\"no such element\";m[8]=\"no such frame\";m[23]=\"no such window\";m[28]=\"script timeout\";m[33]=\"session not created\";m[10]=\"stale element reference\";m[21]=\"timeout\";m[25]=\"unable to set cookie\";m[26]=\"unexpected alert open\";m[13]=n;m[9]=\"unknown command\";var p;a:{var q=d.navigator;if(q){var r=q.userAgent;if(r){p=r;break a}}p=\"\"}function t(a){return-1!=p.indexOf(a)};function u(){return t(\"Firefox\")||t(\"FxiOS\")}function v(){return(t(\"Chrome\")||t(\"CriOS\"))&&!t(\"Edge\")};function w(){return t(\"iPhone\")&&!t(\"iPod\")&&!t(\"iPad\")};var y=t(\"Opera\"),z=t(\"Trident\")||t(\"MSIE\"),A=t(\"Edge\"),B=t(\"Gecko\")&&!(-1!=p.toLowerCase().indexOf(\"webkit\")&&!t(\"Edge\"))&&!(t(\"Trident\")||t(\"MSIE\"))&&!t(\"Edge\"),C=-1!=p.toLowerCase().indexOf(\"webkit\")&&!t(\"Edge\");function D(){var a=d.document;return a?a.documentMode:void 0}var E;\na:{var F=\"\",G=function(){var a=p;if(B)return/rv:([^\\);]+)(\\)|;)/.exec(a);if(A)return/Edge\\/([\\d\\.]+)/.exec(a);if(z)return/\\b(?:MSIE|rv)[: ]([^\\);]+)(\\)|;)/.exec(a);if(C)return/WebKit\\/(\\S+)/.exec(a);if(y)return/(?:Version)[ \\/]?(\\S+)/.exec(a)}();G&&(F=G?G[1]:\"\");if(z){var H=D();if(null!=H&&H>parseFloat(F)){E=String(H);break a}}E=F}var I;I=d.document&&z?D():void 0;var J=u(),K=w()||t(\"iPod\"),L=t(\"iPad\"),M=t(\"Android\")&&!(v()||u()||t(\"Opera\")||t(\"Silk\")),N=v(),aa=t(\"Safari\")&&!(v()||t(\"Coast\")||t(\"Opera\")||t(\"Edge\")||t(\"Edg/\")||t(\"OPR\")||u()||t(\"Silk\")||t(\"Android\"))&&!(w()||t(\"iPad\")||t(\"iPod\"));function O(a){return(a=a.exec(p))?a[1]:\"\"}(function(){if(J)return O(/Firefox\\/([0-9.]+)/);if(z||A||y)return E;if(N)return w()||t(\"iPad\")||t(\"iPod\")?O(/CriOS\\/([0-9.]+)/):O(/Chrome\\/([0-9.]+)/);if(aa&&!(w()||t(\"iPad\")||t(\"iPod\")))return O(/Version\\/([0-9.]+)/);if(K||L){var a=/Version\\/(\\S+).*Mobile\\/(\\S+)/.exec(p);if(a)return a[1]+\".\"+a[2]}else if(M)return(a=O(/Android\\s+([0-9.]+)/))?a:O(/Version\\/([0-9.]+)/);return\"\"})();var P=z&&!(8\u003C=Number(I)),ba=z&&!(9\u003C=Number(I));var ca={SCRIPT:1,STYLE:1,HEAD:1,IFRAME:1,OBJECT:1},Q={IMG:\" \",BR:\"\\n\"};function R(a,b,c){if(!(a.nodeName in ca))if(3==a.nodeType)c?b.push(String(a.nodeValue).replace(/(\\r\\n|\\r|\\n)/g,\"\")):b.push(a.nodeValue);else if(a.nodeName in Q)b.push(Q[a.nodeName]);else for(a=a.firstChild;a;)R(a,b,c),a=a.nextSibling};function S(a,b){b=b.toLowerCase();return\"style\"==b?da(a.style.cssText):P&&\"value\"==b&&T(a,\"INPUT\")?a.value:ba&&!0===a[b]?String(a.getAttribute(b)):(a=a.getAttributeNode(b))&&a.specified?a.value:null}var ea=/[;]+(?=(?:(?:[^\"]*\"){2})*[^\"]*$)(?=(?:(?:[^']*'){2})*[^']*$)(?=(?:[^()]*\\([^()]*\\))*[^()]*$)/;\nfunction da(a){var b=[];k(a.split(ea),function(c){var e=c.indexOf(\":\");0\u003Ce&&(c=[c.slice(0,e),c.slice(e+1)],2==c.length&&b.push(c[0].toLowerCase(),\":\",c[1],\";\"))});b=b.join(\"\");return b=\";\"==b.charAt(b.length-1)?b:b+\";\"}function U(a,b){P&&\"value\"==b&&T(a,\"OPTION\")&&null===S(a,\"value\")?(b=[],R(a,b,!1),a=b.join(\"\")):a=a[b];return a}\nfunction T(a,b){b&&\"string\"!==typeof b&&(b=b.toString());return a instanceof HTMLFormElement?!!a&&1==a.nodeType&&(!b||\"FORM\"==b):!!a&&1==a.nodeType&&(!b||a.tagName.toUpperCase()==b)}function V(a){return T(a,\"OPTION\")?!0:T(a,\"INPUT\")?(a=a.type.toLowerCase(),\"checkbox\"==a||\"radio\"==a):!1};var fa={\"class\":\"className\",readonly:\"readOnly\"},ha=\"allowfullscreen allowpaymentrequest allowusermedia async autofocus autoplay checked compact complete controls declare default defaultchecked defaultselected defer disabled ended formnovalidate hidden indeterminate iscontenteditable ismap itemscope loop multiple muted nohref nomodule noresize noshade novalidate nowrap open paused playsinline pubdate readonly required reversed scoped seamless seeking selected truespeed typemustmatch willvalidate\".split(\" \");function W(a,b){var c=null,e=b.toLowerCase();if(\"style\"==e)return(c=a.style)&&\"string\"!=typeof c&&(c=c.cssText),c;if((\"selected\"==e||\"checked\"==e)&&V(a)){if(!V(a))throw new l(15,\"Element is not selectable\");b=\"selected\";c=a.type&&a.type.toLowerCase();if(\"checkbox\"==c||\"radio\"==c)b=\"checked\";return U(a,b)?\"true\":null}var g=T(a,\"A\");if(T(a,\"IMG\")&&\"src\"==e||g&&\"href\"==e)return(c=S(a,e))&&(c=U(a,e)),c;if(\"spellcheck\"==e){c=S(a,e);if(null!==c){if(\"false\"==c.toLowerCase())return\"false\";if(\"true\"==c.toLowerCase())return\"true\"}return U(a,\ne)+\"\"}g=fa[b]||b;if(0\u003C=h(ha,e))return(c=null!==S(a,b)||U(a,g))?\"true\":null;try{var x=U(a,g)}catch(ia){}(e=null==x)||(e=typeof x,e=\"object\"==e&&null!=x||\"function\"==e);e?c=S(a,b):c=x;return null!=c?c.toString():null}var X=[\"_\"],Y=d;X[0]in Y||\"undefined\"==typeof Y.execScript||Y.execScript(\"var \"+X[0]);for(var Z;X.length&&(Z=X.shift());)X.length||void 0===W?Y[Z]&&Y[Z]!==Object.prototype[Z]?Y=Y[Z]:Y=Y[Z]={}:Y[Z]=W;; return this._.apply(null,arguments);}).apply({navigator:typeof window!='undefined'?window.navigator:null,document:typeof window!='undefined'?window.document:null}, arguments);}\n).apply(null, arguments);"
}
[1739505378.942][INFO]: Waiting for pending navigations...
[1739505378.942][INFO]: Done waiting for pending navigations. Status: ok
[1739505378.945][INFO]: Waiting for pending navigations...
[1739505378.945][INFO]: Done waiting for pending navigations. Status: ok
[1739505378.945][INFO]: [8b4c4ea1bad61e9e6f7148e654929cc8] RESPONSE ExecuteScript "Фото Yurii Kryvushyn, #OPEN_TO_WORK"
[1739505379.121][INFO]: [8b4c4ea1bad61e9e6f7148e654929cc8] COMMAND Quit {
}
[1739505379.158][INFO]: [8b4c4ea1bad61e9e6f7148e654929cc8] RESPONSE Quit
